\BOOKMARK [0][-]{section*.1}{NULLABOR: AN R PACKAGE FOR VISUAL STATISTICAL INFERENCE}{}% 1
\BOOKMARK [1][-]{section.2.1}{Introduction}{section*.1}% 2
\BOOKMARK [1][-]{section.2.2}{Null generating mechanisms}{section*.1}% 3
\BOOKMARK [2][-]{subsection.2.2.1}{Generate null data with a specific distribution}{section.2.2}% 4
\BOOKMARK [2][-]{subsection.2.2.2}{Generate null data by permuting a variable}{section.2.2}% 5
\BOOKMARK [2][-]{subsection.2.2.3}{Generate null data with null residuals from a model}{section.2.2}% 6
\BOOKMARK [1][-]{section.2.3}{Protocols}{section*.1}% 7
\BOOKMARK [2][-]{subsection.2.3.1}{The lineup protocol}{section.2.3}% 8
\BOOKMARK [2][-]{subsection.2.3.2}{The Rorschach protocol}{section.2.3}% 9
\BOOKMARK [1][-]{section.2.4}{Distance metrics}{section*.1}% 10
\BOOKMARK [2][-]{subsection.2.4.1}{Distance for univariate data}{section.2.4}% 11
\BOOKMARK [2][-]{subsection.2.4.2}{Distance based on regression parameters}{section.2.4}% 12
\BOOKMARK [2][-]{subsection.2.4.3}{Distance based on boxplots}{section.2.4}% 13
\BOOKMARK [2][-]{subsection.2.4.4}{Distance based on separation}{section.2.4}% 14
\BOOKMARK [2][-]{subsection.2.4.5}{Binned Distance}{section.2.4}% 15
\BOOKMARK [1][-]{section.2.5}{Calculation of mean distances and difference}{section*.1}% 16
\BOOKMARK [2][-]{subsection.2.5.1}{Calculating the mean distances for the plots in the lineup}{section.2.5}% 17
\BOOKMARK [2][-]{subsection.2.5.2}{Calculating difference measure for lineups}{section.2.5}% 18
\BOOKMARK [1][-]{section.2.6}{Selection of bins}{section*.1}% 19
\BOOKMARK [1][-]{section.2.7}{Distribution of distance metrics}{section*.1}% 20
\BOOKMARK [2][-]{subsection.2.7.1}{Empirical distribution of distance metrics}{section.2.7}% 21
\BOOKMARK [2][-]{subsection.2.7.2}{Plotting the empirical distribution of the distance metric}{section.2.7}% 22
